Using launch settings from app\Properties\launchSettings.json...
info: Microsoft.EntityFrameworkCore.Database.Command[20101]
      Executed DbCommand (50ms) [Parameters=[@organizationName='?'], CommandType='Text', CommandTimeout='30']
      SELECT o.id, o.created_at, o.created_by_user_id, o.description, o.is_active, o.kind, o.name, o.updated_at, o.updated_by_user_id, o.version
      FROM portal.organizations AS o
      WHERE o.name = @organizationName AND o.kind = 'Phaeno'
      LIMIT 1
info: Microsoft.EntityFrameworkCore.Database.Command[20101]
      Executed DbCommand (6ms) [Parameters=[@normalizedEmail='?'], CommandType='Text', CommandTimeout='30']
      SELECT u.id, u.created_at, u.created_by_user_id, u.email, u.external_identity_provider, u.external_subject_id, u.first_name, u.is_active, u.last_login_at, u.last_name, u.normalized_email, u.status, u.updated_at, u.updated_by_user_id, u.version
      FROM portal.users AS u
      WHERE u.normalized_email = @normalizedEmail
      LIMIT 1
info: System.Net.Http.HttpClient.ClerkBootstrapUserProvisioner.LogicalHandler[100]
      Start processing HTTP request GET https://api.clerk.com/v1/users?*
info: System.Net.Http.HttpClient.ClerkBootstrapUserProvisioner.ClientHandler[100]
      Sending HTTP request GET https://api.clerk.com/v1/users?*
info: System.Net.Http.HttpClient.ClerkBootstrapUserProvisioner.ClientHandler[101]
      Received HTTP response headers after 352.2589ms - 200
info: System.Net.Http.HttpClient.ClerkBootstrapUserProvisioner.LogicalHandler[101]
      End processing HTTP request after 362.8132ms - 200
info: Microsoft.EntityFrameworkCore.Database.Command[20101]
      Executed DbCommand (5ms) [Parameters=[@user_Id='?' (DbType = Guid), @organization_Id='?' (DbType = Guid)], CommandType='Text', CommandTimeout='30']
      SELECT o.id, o.created_at, o.created_by_user_id, o.is_active, o.is_organization_admin, o.organization_id, o.updated_at, o.updated_by_user_id, o.user_id, o.version
      FROM portal.organization_memberships AS o
      WHERE o.user_id = @user_Id AND o.organization_id = @organization_Id
      LIMIT 1
info: Microsoft.Hosting.Lifetime[14]
      Now listening on: https://localhost:7110
info: Microsoft.Hosting.Lifetime[14]
      Now listening on: http://localhost:5117
info: Microsoft.Hosting.Lifetime[0]
      Application started. Press Ctrl+C to shut down.
info: Microsoft.Hosting.Lifetime[0]
      Hosting environment: Development
info: Microsoft.Hosting.Lifetime[0]
      Content root path: D:\__dev\phaeno-portal\backend\app
